[2023-01-30 21:48:03] local.ERROR: The "--columns" option does not exist. {"exception":"[object] (Symfony\\Component\\Console\\Exception\\RuntimeException(code: 0): The \"--columns\" option does not exist. at E:\\Projects\\Working_Projects\\Web_Appliactions\\BitCdoe-Webapp\\Development\\BitCode_backend-Webapp\\vendor\\symfony\\console\\Input\\ArgvInput.php:220)
[stacktrace]
#0 E:\\Projects\\Working_Projects\\Web_Appliactions\\BitCdoe-Webapp\\Development\\BitCode_backend-Webapp\\vendor\\symfony\\console\\Input\\ArgvInput.php(147): Symfony\\Component\\Console\\Input\\ArgvInput->addLongOption('columns', 'uri,name,action...')
#1 E:\\Projects\\Working_Projects\\Web_Appliactions\\BitCdoe-Webapp\\Development\\BitCode_backend-Webapp\\vendor\\symfony\\console\\Input\\ArgvInput.php(82): Symfony\\Component\\Console\\Input\\ArgvInput->parseLongOption('--columns=uri,n...')
#2 E:\\Projects\\Working_Projects\\Web_Appliactions\\BitCdoe-Webapp\\Development\\BitCode_backend-Webapp\\vendor\\symfony\\console\\Input\\ArgvInput.php(71): Symfony\\Component\\Console\\Input\\ArgvInput->parseToken('--columns=uri,n...', true)
#3 E:\\Projects\\Working_Projects\\Web_Appliactions\\BitCdoe-Webapp\\Development\\BitCode_backend-Webapp\\vendor\\symfony\\console\\Input\\Input.php(55): Symfony\\Component\\Console\\Input\\ArgvInput->parse()
#4 E:\\Projects\\Working_Projects\\Web_Appliactions\\BitCdoe-Webapp\\Development\\BitCode_backend-Webapp\\vendor\\symfony\\console\\Command\\Command.php(267): Symfony\\Component\\Console\\Input\\Input->bind(Object(Symfony\\Component\\Console\\Input\\InputDefinition))
#5 E:\\Projects\\Working_Projects\\Web_Appliactions\\BitCdoe-Webapp\\Development\\BitCode_backend-Webapp\\vendor\\laravel\\framework\\src\\Illuminate\\Console\\Command.php(126): Symfony\\Component\\Console\\Command\\Command->run(Object(Symfony\\Component\\Console\\Input\\ArgvInput), Object(Illuminate\\Console\\OutputStyle))
#6 E:\\Projects\\Working_Projects\\Web_Appliactions\\BitCdoe-Webapp\\Development\\BitCode_backend-Webapp\\vendor\\symfony\\console\\Application.php(1002): Illuminate\\Console\\Command->run(Object(Symfony\\Component\\Console\\Input\\ArgvInput), Object(Symfony\\Component\\Console\\Output\\ConsoleOutput))
#7 E:\\Projects\\Working_Projects\\Web_Appliactions\\BitCdoe-Webapp\\Development\\BitCode_backend-Webapp\\vendor\\symfony\\console\\Application.php(299): Symfony\\Component\\Console\\Application->doRunCommand(Object(Illuminate\\Foundation\\Console\\RouteListCommand), Object(Symfony\\Component\\Console\\Input\\ArgvInput), Object(Symfony\\Component\\Console\\Output\\ConsoleOutput))
#8 E:\\Projects\\Working_Projects\\Web_Appliactions\\BitCdoe-Webapp\\Development\\BitCode_backend-Webapp\\vendor\\symfony\\console\\Application.php(171): Symfony\\Component\\Console\\Application->doRun(Object(Symfony\\Component\\Console\\Input\\ArgvInput), Object(Symfony\\Component\\Console\\Output\\ConsoleOutput))
#9 E:\\Projects\\Working_Projects\\Web_Appliactions\\BitCdoe-Webapp\\Development\\BitCode_backend-Webapp\\vendor\\laravel\\framework\\src\\Illuminate\\Console\\Application.php(102): Symfony\\Component\\Console\\Application->run(Object(Symfony\\Component\\Console\\Input\\ArgvInput), Object(Symfony\\Component\\Console\\Output\\ConsoleOutput))
#10 E:\\Projects\\Working_Projects\\Web_Appliactions\\BitCdoe-Webapp\\Development\\BitCode_backend-Webapp\\vendor\\laravel\\framework\\src\\Illuminate\\Foundation\\Console\\Kernel.php(129): Illuminate\\Console\\Application->run(Object(Symfony\\Component\\Console\\Input\\ArgvInput), Object(Symfony\\Component\\Console\\Output\\ConsoleOutput))
#11 E:\\Projects\\Working_Projects\\Web_Appliactions\\BitCdoe-Webapp\\Development\\BitCode_backend-Webapp\\artisan(37): Illuminate\\Foundation\\Console\\Kernel->handle(Object(Symfony\\Component\\Console\\Input\\ArgvInput), Object(Symfony\\Component\\Console\\Output\\ConsoleOutput))
#12 {main}
"} 
[2023-01-30 21:48:06] local.ERROR: The "--columns" option does not exist. {"exception":"[object] (Symfony\\Component\\Console\\Exception\\RuntimeException(code: 0): The \"--columns\" option does not exist. at E:\\Projects\\Working_Projects\\Web_Appliactions\\BitCdoe-Webapp\\Development\\BitCode_backend-Webapp\\vendor\\symfony\\console\\Input\\ArgvInput.php:220)
[stacktrace]
#0 E:\\Projects\\Working_Projects\\Web_Appliactions\\BitCdoe-Webapp\\Development\\BitCode_backend-Webapp\\vendor\\symfony\\console\\Input\\ArgvInput.php(147): Symfony\\Component\\Console\\Input\\ArgvInput->addLongOption('columns', 'uri,name,action...')
#1 E:\\Projects\\Working_Projects\\Web_Appliactions\\BitCdoe-Webapp\\Development\\BitCode_backend-Webapp\\vendor\\symfony\\console\\Input\\ArgvInput.php(82): Symfony\\Component\\Console\\Input\\ArgvInput->parseLongOption('--columns=uri,n...')
#2 E:\\Projects\\Working_Projects\\Web_Appliactions\\BitCdoe-Webapp\\Development\\BitCode_backend-Webapp\\vendor\\symfony\\console\\Input\\ArgvInput.php(71): Symfony\\Component\\Console\\Input\\ArgvInput->parseToken('--columns=uri,n...', true)
#3 E:\\Projects\\Working_Projects\\Web_Appliactions\\BitCdoe-Webapp\\Development\\BitCode_backend-Webapp\\vendor\\symfony\\console\\Input\\Input.php(55): Symfony\\Component\\Console\\Input\\ArgvInput->parse()
#4 E:\\Projects\\Working_Projects\\Web_Appliactions\\BitCdoe-Webapp\\Development\\BitCode_backend-Webapp\\vendor\\symfony\\console\\Command\\Command.php(267): Symfony\\Component\\Console\\Input\\Input->bind(Object(Symfony\\Component\\Console\\Input\\InputDefinition))
#5 E:\\Projects\\Working_Projects\\Web_Appliactions\\BitCdoe-Webapp\\Development\\BitCode_backend-Webapp\\vendor\\laravel\\framework\\src\\Illuminate\\Console\\Command.php(126): Symfony\\Component\\Console\\Command\\Command->run(Object(Symfony\\Component\\Console\\Input\\ArgvInput), Object(Illuminate\\Console\\OutputStyle))
#6 E:\\Projects\\Working_Projects\\Web_Appliactions\\BitCdoe-Webapp\\Development\\BitCode_backend-Webapp\\vendor\\symfony\\console\\Application.php(1002): Illuminate\\Console\\Command->run(Object(Symfony\\Component\\Console\\Input\\ArgvInput), Object(Symfony\\Component\\Console\\Output\\ConsoleOutput))
#7 E:\\Projects\\Working_Projects\\Web_Appliactions\\BitCdoe-Webapp\\Development\\BitCode_backend-Webapp\\vendor\\symfony\\console\\Application.php(299): Symfony\\Component\\Console\\Application->doRunCommand(Object(Illuminate\\Foundation\\Console\\RouteListCommand), Object(Symfony\\Component\\Console\\Input\\ArgvInput), Object(Symfony\\Component\\Console\\Output\\ConsoleOutput))
#8 E:\\Projects\\Working_Projects\\Web_Appliactions\\BitCdoe-Webapp\\Development\\BitCode_backend-Webapp\\vendor\\symfony\\console\\Application.php(171): Symfony\\Component\\Console\\Application->doRun(Object(Symfony\\Component\\Console\\Input\\ArgvInput), Object(Symfony\\Component\\Console\\Output\\ConsoleOutput))
#9 E:\\Projects\\Working_Projects\\Web_Appliactions\\BitCdoe-Webapp\\Development\\BitCode_backend-Webapp\\vendor\\laravel\\framework\\src\\Illuminate\\Console\\Application.php(102): Symfony\\Component\\Console\\Application->run(Object(Symfony\\Component\\Console\\Input\\ArgvInput), Object(Symfony\\Component\\Console\\Output\\ConsoleOutput))
#10 E:\\Projects\\Working_Projects\\Web_Appliactions\\BitCdoe-Webapp\\Development\\BitCode_backend-Webapp\\vendor\\laravel\\framework\\src\\Illuminate\\Foundation\\Console\\Kernel.php(129): Illuminate\\Console\\Application->run(Object(Symfony\\Component\\Console\\Input\\ArgvInput), Object(Symfony\\Component\\Console\\Output\\ConsoleOutput))
#11 E:\\Projects\\Working_Projects\\Web_Appliactions\\BitCdoe-Webapp\\Development\\BitCode_backend-Webapp\\artisan(37): Illuminate\\Foundation\\Console\\Kernel->handle(Object(Symfony\\Component\\Console\\Input\\ArgvInput), Object(Symfony\\Component\\Console\\Output\\ConsoleOutput))
#12 {main}
"} 
[2023-01-30 21:48:08] local.ERROR: The "--columns" option does not exist. {"exception":"[object] (Symfony\\Component\\Console\\Exception\\RuntimeException(code: 0): The \"--columns\" option does not exist. at E:\\Projects\\Working_Projects\\Web_Appliactions\\BitCdoe-Webapp\\Development\\BitCode_backend-Webapp\\vendor\\symfony\\console\\Input\\ArgvInput.php:220)
[stacktrace]
#0 E:\\Projects\\Working_Projects\\Web_Appliactions\\BitCdoe-Webapp\\Development\\BitCode_backend-Webapp\\vendor\\symfony\\console\\Input\\ArgvInput.php(147): Symfony\\Component\\Console\\Input\\ArgvInput->addLongOption('columns', 'uri,name,action...')
#1 E:\\Projects\\Working_Projects\\Web_Appliactions\\BitCdoe-Webapp\\Development\\BitCode_backend-Webapp\\vendor\\symfony\\console\\Input\\ArgvInput.php(82): Symfony\\Component\\Console\\Input\\ArgvInput->parseLongOption('--columns=uri,n...')
#2 E:\\Projects\\Working_Projects\\Web_Appliactions\\BitCdoe-Webapp\\Development\\BitCode_backend-Webapp\\vendor\\symfony\\console\\Input\\ArgvInput.php(71): Symfony\\Component\\Console\\Input\\ArgvInput->parseToken('--columns=uri,n...', true)
#3 E:\\Projects\\Working_Projects\\Web_Appliactions\\BitCdoe-Webapp\\Development\\BitCode_backend-Webapp\\vendor\\symfony\\console\\Input\\Input.php(55): Symfony\\Component\\Console\\Input\\ArgvInput->parse()
#4 E:\\Projects\\Working_Projects\\Web_Appliactions\\BitCdoe-Webapp\\Development\\BitCode_backend-Webapp\\vendor\\symfony\\console\\Command\\Command.php(267): Symfony\\Component\\Console\\Input\\Input->bind(Object(Symfony\\Component\\Console\\Input\\InputDefinition))
#5 E:\\Projects\\Working_Projects\\Web_Appliactions\\BitCdoe-Webapp\\Development\\BitCode_backend-Webapp\\vendor\\laravel\\framework\\src\\Illuminate\\Console\\Command.php(126): Symfony\\Component\\Console\\Command\\Command->run(Object(Symfony\\Component\\Console\\Input\\ArgvInput), Object(Illuminate\\Console\\OutputStyle))
#6 E:\\Projects\\Working_Projects\\Web_Appliactions\\BitCdoe-Webapp\\Development\\BitCode_backend-Webapp\\vendor\\symfony\\console\\Application.php(1002): Illuminate\\Console\\Command->run(Object(Symfony\\Component\\Console\\Input\\ArgvInput), Object(Symfony\\Component\\Console\\Output\\ConsoleOutput))
#7 E:\\Projects\\Working_Projects\\Web_Appliactions\\BitCdoe-Webapp\\Development\\BitCode_backend-Webapp\\vendor\\symfony\\console\\Application.php(299): Symfony\\Component\\Console\\Application->doRunCommand(Object(Illuminate\\Foundation\\Console\\RouteListCommand), Object(Symfony\\Component\\Console\\Input\\ArgvInput), Object(Symfony\\Component\\Console\\Output\\ConsoleOutput))
#8 E:\\Projects\\Working_Projects\\Web_Appliactions\\BitCdoe-Webapp\\Development\\BitCode_backend-Webapp\\vendor\\symfony\\console\\Application.php(171): Symfony\\Component\\Console\\Application->doRun(Object(Symfony\\Component\\Console\\Input\\ArgvInput), Object(Symfony\\Component\\Console\\Output\\ConsoleOutput))
#9 E:\\Projects\\Working_Projects\\Web_Appliactions\\BitCdoe-Webapp\\Development\\BitCode_backend-Webapp\\vendor\\laravel\\framework\\src\\Illuminate\\Console\\Application.php(102): Symfony\\Component\\Console\\Application->run(Object(Symfony\\Component\\Console\\Input\\ArgvInput), Object(Symfony\\Component\\Console\\Output\\ConsoleOutput))
#10 E:\\Projects\\Working_Projects\\Web_Appliactions\\BitCdoe-Webapp\\Development\\BitCode_backend-Webapp\\vendor\\laravel\\framework\\src\\Illuminate\\Foundation\\Console\\Kernel.php(129): Illuminate\\Console\\Application->run(Object(Symfony\\Component\\Console\\Input\\ArgvInput), Object(Symfony\\Component\\Console\\Output\\ConsoleOutput))
#11 E:\\Projects\\Working_Projects\\Web_Appliactions\\BitCdoe-Webapp\\Development\\BitCode_backend-Webapp\\artisan(37): Illuminate\\Foundation\\Console\\Kernel->handle(Object(Symfony\\Component\\Console\\Input\\ArgvInput), Object(Symfony\\Component\\Console\\Output\\ConsoleOutput))
#12 {main}
"} 
